build/app/intermediates/manifest_merge_blame_file/release/manifest-merger-blame-release-report.txt
1<?xml version="1.0" encoding="utf-8"?>
2<manifest xmlns:android="http://schemas.android.com/apk/res/android"
3    package="com.example.musicbackground"
4    android:versionCode="1"
5    android:versionName="1.0.0" >
6
7    <uses-sdk
8        android:minSdkVersion="16"
8-->src/main/AndroidManifest.xml
9        android:targetSdkVersion="30" />
9-->src/main/AndroidManifest.xml
10
11    <uses-permission android:name="android.permission.READ_PHONE_STATE" />
11-->src/main/AndroidManifest.xml:4:5-74
11-->src/main/AndroidManifest.xml:4:22-72
12    <uses-permission android:name="android.permission.INTERNET" />
12-->src/main/AndroidManifest.xml:5:5-67
12-->src/main/AndroidManifest.xml:5:22-64
13    <uses-permission android:name="android.permission.RECORD_AUDIO" />
13-->src/main/AndroidManifest.xml:6:5-71
13-->src/main/AndroidManifest.xml:6:22-68
14    <uses-permission android:name="android.permission.CAMERA" />
14-->src/main/AndroidManifest.xml:7:5-65
14-->src/main/AndroidManifest.xml:7:22-62
15    <uses-permission android:name="android.permission.MODIFY_AUDIO_SETTINGS" />
15-->src/main/AndroidManifest.xml:8:5-80
15-->src/main/AndroidManifest.xml:8:22-77
16    <uses-permission android:name="android.permission.ACCESS_NETWORK_STATE" />
16-->src/main/AndroidManifest.xml:9:5-79
16-->src/main/AndroidManifest.xml:9:22-76
17
18    <!-- The Agora SDK requires Bluetooth permissions in case users are using Bluetooth devices. -->
19    <uses-permission android:name="android.permission.BLUETOOTH" />
19-->src/main/AndroidManifest.xml:12:5-68
19-->src/main/AndroidManifest.xml:12:22-65
20    <uses-permission android:name="android.permission.ACCESS_WIFI_STATE" />
20-->[:agora_rtc_engine] AndroidManifest.xml:17:5-76
20-->[:agora_rtc_engine] AndroidManifest.xml:17:22-73
21    <uses-permission android:name="android.permission.READ_EXTERNAL_STORAGE" />
21-->[:agora_rtc_engine] AndroidManifest.xml:18:5-80
21-->[:agora_rtc_engine] AndroidManifest.xml:18:22-77
22    <uses-permission android:name="android.permission.READ_PRIVILEGED_PHONE_STATE" />
22-->[:agora_rtc_engine] AndroidManifest.xml:19:5-21:47
22-->[:agora_rtc_engine] AndroidManifest.xml:20:9-70
23
24    <application
24-->src/main/AndroidManifest.xml:13:4-50:19
25        android:appComponentFactory="androidx.core.app.CoreComponentFactory"
25-->[androidx.core:core:1.1.0] AndroidManifest.xml:24:18-86
26        android:icon="@mipmap/ic_launcher"
26-->src/main/AndroidManifest.xml:15:9-43
27        android:label="musicbackground" >
27-->src/main/AndroidManifest.xml:14:9-40
28        <activity
28-->src/main/AndroidManifest.xml:16:9-44:20
29            android:name="com.example.musicbackground.MainActivity"
29-->src/main/AndroidManifest.xml:17:13-41
30            android:configChanges="orientation|keyboardHidden|keyboard|screenSize|smallestScreenSize|locale|layoutDirection|fontScale|screenLayout|density|uiMode"
30-->src/main/AndroidManifest.xml:20:13-163
31            android:hardwareAccelerated="true"
31-->src/main/AndroidManifest.xml:21:13-47
32            android:launchMode="singleTop"
32-->src/main/AndroidManifest.xml:18:13-43
33            android:theme="@style/LaunchTheme"
33-->src/main/AndroidManifest.xml:19:13-47
34            android:windowSoftInputMode="adjustResize" >
34-->src/main/AndroidManifest.xml:22:13-55
35
36            <!--
37                 Specifies an Android theme to apply to this Activity as soon as
38                 the Android process has started. This theme is visible to the user
39                 while the Flutter UI initializes. After that, this theme continues
40                 to determine the Window background behind the Flutter UI.
41            -->
42            <meta-data
42-->src/main/AndroidManifest.xml:27:13-30:17
43                android:name="io.flutter.embedding.android.NormalTheme"
43-->src/main/AndroidManifest.xml:28:15-70
44                android:resource="@style/NormalTheme" />
44-->src/main/AndroidManifest.xml:29:15-52
45            <!--
46                 Displays an Android View that continues showing the launch screen
47                 Drawable until Flutter paints its first frame, then this splash
48                 screen fades out. A splash screen is useful to avoid any visual
49                 gap between the end of Android's launch screen and the painting of
50                 Flutter's first frame.
51            -->
52            <meta-data
52-->src/main/AndroidManifest.xml:36:13-39:17
53                android:name="io.flutter.embedding.android.SplashScreenDrawable"
53-->src/main/AndroidManifest.xml:37:15-79
54                android:resource="@drawable/launch_background" />
54-->src/main/AndroidManifest.xml:38:15-61
55
56            <intent-filter>
56-->src/main/AndroidManifest.xml:40:13-43:29
57                <action android:name="android.intent.action.MAIN" />
57-->src/main/AndroidManifest.xml:41:17-68
57-->src/main/AndroidManifest.xml:41:25-66
58
59                <category android:name="android.intent.category.LAUNCHER" />
59-->src/main/AndroidManifest.xml:42:17-76
59-->src/main/AndroidManifest.xml:42:27-74
60            </intent-filter>
61        </activity>
62        <!--
63             Don't delete the meta-data below.
64             This is used by the Flutter tool to generate GeneratedPluginRegistrant.java
65        -->
66        <meta-data
66-->src/main/AndroidManifest.xml:47:9-49:33
67            android:name="flutterEmbedding"
67-->src/main/AndroidManifest.xml:48:13-44
68            android:value="2" />
68-->src/main/AndroidManifest.xml:49:13-30
69    </application>
70
71</manifest>